This is pdfTeX, Version 3.141592653-2.6-1.40.23 (TeX Live 2021/W32TeX) (preloaded format=pdflatex 2021.9.15)  17 MAR 2022 18:00
entering extended mode
 restricted \write18 enabled.
 %&-line parsing enabled.
**"boosting for mixed distributions4.tex"
(./boosting for mixed distributions4.tex
LaTeX2e <2021-06-01> patch level 1
L3 programming layer <2021-08-27>
(f:/texlive/2021/texmf-dist/tex/latex/base/article.cls
Document Class: article 2021/02/12 v1.4n Standard LaTeX document class
(f:/texlive/2021/texmf-dist/tex/latex/base/size11.clo
File: size11.clo 2021/02/12 v1.4n Standard LaTeX file (size option)
)
\c@part=\count182
\c@section=\count183
\c@subsection=\count184
\c@subsubsection=\count185
\c@paragraph=\count186
\c@subparagraph=\count187
\c@figure=\count188
\c@table=\count189
\abovecaptionskip=\skip47
\belowcaptionskip=\skip48
\bibindent=\dimen138
)
(f:/texlive/2021/texmf-dist/tex/latex/listings/listings.sty
(f:/texlive/2021/texmf-dist/tex/latex/graphics/keyval.sty
Package: keyval 2014/10/28 v1.15 key=value parser (DPC)
\KV@toks@=\toks16
)
\lst@mode=\count190
\lst@gtempboxa=\box50
\lst@token=\toks17
\lst@length=\count191
\lst@currlwidth=\dimen139
\lst@column=\count192
\lst@pos=\count193
\lst@lostspace=\dimen140
\lst@width=\dimen141
\lst@newlines=\count194
\lst@lineno=\count195
\lst@maxwidth=\dimen142

(f:/texlive/2021/texmf-dist/tex/latex/listings/lstmisc.sty
File: lstmisc.sty 2020/03/24 1.8d (Carsten Heinz)
\c@lstnumber=\count196
\lst@skipnumbers=\count197
\lst@framebox=\box51
)
(f:/texlive/2021/texmf-dist/tex/latex/listings/listings.cfg
File: listings.cfg 2020/03/24 1.8d listings configuration
))
Package: listings 2020/03/24 1.8d (Carsten Heinz)

(f:/texlive/2021/texmf-dist/tex/latex/amsmath/amsmath.sty
Package: amsmath 2021/04/20 v2.17j AMS math features
\@mathmargin=\skip49

For additional information on amsmath, use the `?' option.
(f:/texlive/2021/texmf-dist/tex/latex/amsmath/amstext.sty
Package: amstext 2000/06/29 v2.01 AMS text

(f:/texlive/2021/texmf-dist/tex/latex/amsmath/amsgen.sty
File: amsgen.sty 1999/11/30 v2.0 generic functions
\@emptytoks=\toks18
\ex@=\dimen143
))
(f:/texlive/2021/texmf-dist/tex/latex/amsmath/amsbsy.sty
Package: amsbsy 1999/11/29 v1.2d Bold Symbols
\pmbraise@=\dimen144
)
(f:/texlive/2021/texmf-dist/tex/latex/amsmath/amsopn.sty
Package: amsopn 2016/03/08 v2.02 operator names
)
\inf@bad=\count198
LaTeX Info: Redefining \frac on input line 234.
\uproot@=\count199
\leftroot@=\count266
LaTeX Info: Redefining \overline on input line 399.
\classnum@=\count267
\DOTSCASE@=\count268
LaTeX Info: Redefining \ldots on input line 496.
LaTeX Info: Redefining \dots on input line 499.
LaTeX Info: Redefining \cdots on input line 620.
\Mathstrutbox@=\box52
\strutbox@=\box53
\big@size=\dimen145
LaTeX Font Info:    Redeclaring font encoding OML on input line 743.
LaTeX Font Info:    Redeclaring font encoding OMS on input line 744.
\macc@depth=\count269
\c@MaxMatrixCols=\count270
\dotsspace@=\muskip16
\c@parentequation=\count271
\dspbrk@lvl=\count272
\tag@help=\toks19
\row@=\count273
\column@=\count274
\maxfields@=\count275
\andhelp@=\toks20
\eqnshift@=\dimen146
\alignsep@=\dimen147
\tagshift@=\dimen148
\tagwidth@=\dimen149
\totwidth@=\dimen150
\lineht@=\dimen151
\@envbody=\toks21
\multlinegap=\skip50
\multlinetaggap=\skip51
\mathdisplay@stack=\toks22
LaTeX Info: Redefining \[ on input line 2923.
LaTeX Info: Redefining \] on input line 2924.
)
(f:/texlive/2021/texmf-dist/tex/latex/amsfonts/amssymb.sty
Package: amssymb 2013/01/14 v3.01 AMS font symbols

(f:/texlive/2021/texmf-dist/tex/latex/amsfonts/amsfonts.sty
Package: amsfonts 2013/01/14 v3.01 Basic AMSFonts support
\symAMSa=\mathgroup4
\symAMSb=\mathgroup5
LaTeX Font Info:    Redeclaring math symbol \hbar on input line 98.
LaTeX Font Info:    Overwriting math alphabet `\mathfrak' in version `bold'
(Font)                  U/euf/m/n --> U/euf/b/n on input line 106.
))
(f:/texlive/2021/texmf-dist/tex/latex/bbm-macros/bbm.sty
Package: bbm 1999/03/15 V 1.2 provides fonts for set symbols - TH
LaTeX Font Info:    Overwriting math alphabet `\mathbbm' in version `bold'
(Font)                  U/bbm/m/n --> U/bbm/bx/n on input line 33.
LaTeX Font Info:    Overwriting math alphabet `\mathbbmss' in version `bold'
(Font)                  U/bbmss/m/n --> U/bbmss/bx/n on input line 35.
)
(f:/texlive/2021/texmf-dist/tex/latex/amscls/amsthm.sty
Package: amsthm 2020/05/29 v2.20.6
\thm@style=\toks23
\thm@bodyfont=\toks24
\thm@headfont=\toks25
\thm@notefont=\toks26
\thm@headpunct=\toks27
\thm@preskip=\skip52
\thm@postskip=\skip53
\thm@headsep=\skip54
\dth@everypar=\toks28
)
(f:/texlive/2021/texmf-dist/tex/latex/graphics/graphicx.sty
Package: graphicx 2020/12/05 v1.2c Enhanced LaTeX Graphics (DPC,SPQR)

(f:/texlive/2021/texmf-dist/tex/latex/graphics/graphics.sty
Package: graphics 2021/03/04 v1.4d Standard LaTeX Graphics (DPC,SPQR)

(f:/texlive/2021/texmf-dist/tex/latex/graphics/trig.sty
Package: trig 2016/01/03 v1.10 sin cos tan (DPC)
)
(f:/texlive/2021/texmf-dist/tex/latex/graphics-cfg/graphics.cfg
File: graphics.cfg 2016/06/04 v1.11 sample graphics configuration
)
Package graphics Info: Driver file: pdftex.def on input line 107.

(f:/texlive/2021/texmf-dist/tex/latex/graphics-def/pdftex.def
File: pdftex.def 2020/10/05 v1.2a Graphics/color driver for pdftex
))
\Gin@req@height=\dimen152
\Gin@req@width=\dimen153
)
(f:/texlive/2021/texmf-dist/tex/latex/graphics/color.sty
Package: color 2020/02/24 v1.2b Standard LaTeX Color (DPC)

(f:/texlive/2021/texmf-dist/tex/latex/graphics-cfg/color.cfg
File: color.cfg 2016/01/02 v1.6 sample color configuration
)
Package color Info: Driver file: pdftex.def on input line 149.
)
(f:/texlive/2021/texmf-dist/tex/latex/multirow/multirow.sty
Package: multirow 2021/03/15 v2.8 Span multiple rows of a table
\multirow@colwidth=\skip55
\multirow@cntb=\count276
\multirow@dima=\skip56
\bigstrutjot=\dimen154
)
(f:/texlive/2021/texmf-dist/tex/latex/natbib/natbib.sty
Package: natbib 2010/09/13 8.31b (PWD, AO)
\bibhang=\skip57
\bibsep=\skip58
LaTeX Info: Redefining \cite on input line 694.
\c@NAT@ctr=\count277
)
(f:/texlive/2021/texmf-dist/tex/latex/algorithms/algorithm.sty
Package: algorithm 2009/08/24 v0.1 Document Style `algorithm' - floating enviro
nment

(f:/texlive/2021/texmf-dist/tex/latex/float/float.sty
Package: float 2001/11/08 v1.3d Float enhancements (AL)
\c@float@type=\count278
\float@exts=\toks29
\float@box=\box54
\@float@everytoks=\toks30
\@floatcapt=\box55
)
(f:/texlive/2021/texmf-dist/tex/latex/base/ifthen.sty
Package: ifthen 2020/11/24 v1.1c Standard LaTeX ifthen package (DPC)
)
\@float@every@algorithm=\toks31
\c@algorithm=\count279
)
(f:/texlive/2021/texmf-dist/tex/latex/algorithms/algorithmic.sty
Package: algorithmic 2009/08/24 v0.1 Document Style `algorithmic'
\c@ALC@unique=\count280
\c@ALC@line=\count281
\c@ALC@rem=\count282
\c@ALC@depth=\count283
\ALC@tlm=\skip59
\algorithmicindent=\skip60
)
(f:/texlive/2021/texmf-dist/tex/latex/listings/lstlang1.sty
File: lstlang1.sty 2020/03/24 1.8d listings language file
)
(f:/texlive/2021/texmf-dist/tex/latex/listings/lstlang2.sty
File: lstlang2.sty 2020/03/24 1.8d listings language file
)
(f:/texlive/2021/texmf-dist/tex/latex/listings/lstlang3.sty
File: lstlang3.sty 2020/03/24 1.8d listings language file
)
(f:/texlive/2021/texmf-dist/tex/latex/booktabs/booktabs.sty
Package: booktabs 2020/01/12 v1.61803398 Publication quality tables
\heavyrulewidth=\dimen155
\lightrulewidth=\dimen156
\cmidrulewidth=\dimen157
\belowrulesep=\dimen158
\belowbottomsep=\dimen159
\aboverulesep=\dimen160
\abovetopsep=\dimen161
\cmidrulesep=\dimen162
\cmidrulekern=\dimen163
\defaultaddspace=\dimen164
\@cmidla=\count284
\@cmidlb=\count285
\@aboverulesep=\dimen165
\@belowrulesep=\dimen166
\@thisruleclass=\count286
\@lastruleclass=\count287
\@thisrulewidth=\dimen167
)
\c@saveenumi=\count288

(f:/texlive/2021/texmf-dist/tex/latex/url/url.sty
\Urlmuskip=\muskip17
Package: url 2013/09/16  ver 3.4  Verb mode for urls, etc.
)
(f:/texlive/2021/texmf-dist/tex/latex/l3backend/l3backend-pdftex.def
File: l3backend-pdftex.def 2021-08-04 L3 backend support: PDF output (pdfTeX)
\l__color_backend_stack_int=\count289
\l__pdf_internal_box=\box56
)
(./boosting for mixed distributions4.aux)
\openout1 = `"boosting for mixed distributions4.aux"'.

LaTeX Font Info:    Checking defaults for OML/cmm/m/it on input line 48.
LaTeX Font Info:    ... okay on input line 48.
LaTeX Font Info:    Checking defaults for OMS/cmsy/m/n on input line 48.
LaTeX Font Info:    ... okay on input line 48.
LaTeX Font Info:    Checking defaults for OT1/cmr/m/n on input line 48.
LaTeX Font Info:    ... okay on input line 48.
LaTeX Font Info:    Checking defaults for T1/cmr/m/n on input line 48.
LaTeX Font Info:    ... okay on input line 48.
LaTeX Font Info:    Checking defaults for TS1/cmr/m/n on input line 48.
LaTeX Font Info:    ... okay on input line 48.
LaTeX Font Info:    Checking defaults for OMX/cmex/m/n on input line 48.
LaTeX Font Info:    ... okay on input line 48.
LaTeX Font Info:    Checking defaults for U/cmr/m/n on input line 48.
LaTeX Font Info:    ... okay on input line 48.
\c@lstlisting=\count290

(f:/texlive/2021/texmf-dist/tex/context/base/mkii/supp-pdf.mkii
[Loading MPS to PDF converter (version 2006.09.02).]
\scratchcounter=\count291
\scratchdimen=\dimen168
\scratchbox=\box57
\nofMPsegments=\count292
\nofMParguments=\count293
\everyMPshowfont=\toks32
\MPscratchCnt=\count294
\MPscratchDim=\dimen169
\MPnumerator=\count295
\makeMPintoPDFobject=\count296
\everyMPtoPDFconversion=\toks33
) (f:/texlive/2021/texmf-dist/tex/latex/epstopdf-pkg/epstopdf-base.sty
Package: epstopdf-base 2020-01-24 v2.11 Base part for package epstopdf
Package epstopdf-base Info: Redefining graphics rule for `.eps' on input line 4
85.

(f:/texlive/2021/texmf-dist/tex/latex/latexconfig/epstopdf-sys.cfg
File: epstopdf-sys.cfg 2010/07/13 v1.3 Configuration of (r)epstopdf for TeX Liv
e
))
LaTeX Font Info:    Trying to load font information for U+msa on input line 50.


(f:/texlive/2021/texmf-dist/tex/latex/amsfonts/umsa.fd
File: umsa.fd 2013/01/14 v3.01 AMS symbols A
)
LaTeX Font Info:    Trying to load font information for U+msb on input line 50.


(f:/texlive/2021/texmf-dist/tex/latex/amsfonts/umsb.fd
File: umsb.fd 2013/01/14 v3.01 AMS symbols B
) [1

{f:/texlive/2021/texmf-var/fonts/map/pdftex/updmap/pdftex.map}] [2] [3]
LaTeX Font Info:    Trying to load font information for U+bbm on input line 191
.

(f:/texlive/2021/texmf-dist/tex/latex/bbm-macros/ubbm.fd
File: ubbm.fd 1999/03/15 V 1.2 Font definition for bbm font - TH
) [4] [5] [6] [7]
[8] [9] [10] [11] [12] [13] [14] [15] [16] [17] [18]
<../plots/three_gaussians/loss-bst-both.png, id=83, 481.8pt x 481.8pt>
File: ../plots/three_gaussians/loss-bst-both.png Graphic file (type png)
<use ../plots/three_gaussians/loss-bst-both.png>
Package pdftex.def Info: ../plots/three_gaussians/loss-bst-both.png  used on in
put line 876.
(pdftex.def)             Requested size: 182.09485pt x 182.09341pt.
<../plots/three_gaussians/loss-bst-both-p.png, id=84, 481.8pt x 481.8pt>
File: ../plots/three_gaussians/loss-bst-both-p.png Graphic file (type png)
<use ../plots/three_gaussians/loss-bst-both-p.png>
Package pdftex.def Info: ../plots/three_gaussians/loss-bst-both-p.png  used on 
input line 877.
(pdftex.def)             Requested size: 182.09485pt x 182.09341pt.
<../plots/three_gaussians/loss-bst-both-1.png, id=85, 481.8pt x 481.8pt>
File: ../plots/three_gaussians/loss-bst-both-1.png Graphic file (type png)
<use ../plots/three_gaussians/loss-bst-both-1.png>
Package pdftex.def Info: ../plots/three_gaussians/loss-bst-both-1.png  used on 
input line 883.
(pdftex.def)             Requested size: 136.5746pt x 136.5719pt.
<../plots/three_gaussians/loss-bst-both-2.png, id=86, 481.8pt x 481.8pt>
File: ../plots/three_gaussians/loss-bst-both-2.png Graphic file (type png)
<use ../plots/three_gaussians/loss-bst-both-2.png>
Package pdftex.def Info: ../plots/three_gaussians/loss-bst-both-2.png  used on 
input line 884.
(pdftex.def)             Requested size: 136.5746pt x 136.5719pt.
<../plots/three_gaussians/loss-bst-both-3.png, id=87, 481.8pt x 481.8pt>
File: ../plots/three_gaussians/loss-bst-both-3.png Graphic file (type png)
<use ../plots/three_gaussians/loss-bst-both-3.png>
Package pdftex.def Info: ../plots/three_gaussians/loss-bst-both-3.png  used on 
input line 885.
(pdftex.def)             Requested size: 136.5746pt x 136.5719pt.
 [19] [20 <../plots/three_gaussians/loss-bst-both.png> <../plots/three_gaussian
s/loss-bst-both-p.png> <../plots/three_gaussians/loss-bst-both-1.png> <../plots
/three_gaussians/loss-bst-both-2.png> <../plots/three_gaussians/loss-bst-both-3
.png>]
<../plots/sev/hist.png, id=100, 481.8pt x 481.8pt>
File: ../plots/sev/hist.png Graphic file (type png)
<use ../plots/sev/hist.png>
Package pdftex.def Info: ../plots/sev/hist.png  used on input line 930.
(pdftex.def)             Requested size: 182.09485pt x 182.09341pt.
<../plots/sev/cdf.png, id=101, 481.8pt x 481.8pt>
File: ../plots/sev/cdf.png Graphic file (type png)
<use ../plots/sev/cdf.png>
Package pdftex.def Info: ../plots/sev/cdf.png  used on input line 931.
(pdftex.def)             Requested size: 182.09485pt x 182.09341pt.


LaTeX Warning: `!h' float specifier changed to `!ht'.


Package natbib Warning: Citation `embrechts2013modeling' on page 21 undefined o
n input line 935.

<../plots/sev/log-log.png, id=102, 481.8pt x 481.8pt>
File: ../plots/sev/log-log.png Graphic file (type png)
<use ../plots/sev/log-log.png>
Package pdftex.def Info: ../plots/sev/log-log.png  used on input line 941.
(pdftex.def)             Requested size: 182.09485pt x 182.09341pt.
<../plots/sev/hill.png, id=103, 481.8pt x 481.8pt>
File: ../plots/sev/hill.png Graphic file (type png)
<use ../plots/sev/hill.png>
Package pdftex.def Info: ../plots/sev/hill.png  used on input line 942.
(pdftex.def)             Requested size: 182.09485pt x 182.09341pt.

LaTeX Warning: `!h' float specifier changed to `!ht'.

[21] [22 <../plots/sev/hist.png> <../plots/sev/cdf.png> <../plots/sev/log-log.p
ng> <../plots/sev/hill.png>]
<../plots/sev/bst_p_trace.png, id=114, 481.8pt x 481.8pt>
File: ../plots/sev/bst_p_trace.png Graphic file (type png)
<use ../plots/sev/bst_p_trace.png>
Package pdftex.def Info: ../plots/sev/bst_p_trace.png  used on input line 990.
(pdftex.def)             Requested size: 182.09485pt x 182.09341pt.
<../plots/sev/bst_p.png, id=115, 481.8pt x 481.8pt>
File: ../plots/sev/bst_p.png Graphic file (type png)
<use ../plots/sev/bst_p.png>
Package pdftex.def Info: ../plots/sev/bst_p.png  used on input line 991.
(pdftex.def)             Requested size: 182.09485pt x 182.09341pt.
<../plots/sev/sev1.png, id=116, 481.8pt x 481.8pt>
File: ../plots/sev/sev1.png Graphic file (type png)
<use ../plots/sev/sev1.png>
Package pdftex.def Info: ../plots/sev/sev1.png  used on input line 1004.
(pdftex.def)             Requested size: 182.09485pt x 182.09341pt.
<../plots/sev/sev2.png, id=117, 481.8pt x 481.8pt>
File: ../plots/sev/sev2.png Graphic file (type png)
<use ../plots/sev/sev2.png>
Package pdftex.def Info: ../plots/sev/sev2.png  used on input line 1005.
(pdftex.def)             Requested size: 182.09485pt x 182.09341pt.
<../plots/sev/sev3.png, id=118, 481.8pt x 481.8pt>
File: ../plots/sev/sev3.png Graphic file (type png)
<use ../plots/sev/sev3.png>
Package pdftex.def Info: ../plots/sev/sev3.png  used on input line 1006.
(pdftex.def)             Requested size: 182.09485pt x 182.09341pt.
<../plots/sev/sev4.png, id=119, 481.8pt x 481.8pt>
File: ../plots/sev/sev4.png Graphic file (type png)
<use ../plots/sev/sev4.png>
Package pdftex.def Info: ../plots/sev/sev4.png  used on input line 1007.
(pdftex.def)             Requested size: 182.09485pt x 182.09341pt.
<../plots/sev/sev5.png, id=120, 481.8pt x 481.8pt>
File: ../plots/sev/sev5.png Graphic file (type png)
<use ../plots/sev/sev5.png>
Package pdftex.def Info: ../plots/sev/sev5.png  used on input line 1008.
(pdftex.def)             Requested size: 182.09485pt x 182.09341pt.
<../plots/sev/sev0.png, id=121, 481.8pt x 481.8pt>
File: ../plots/sev/sev0.png Graphic file (type png)
<use ../plots/sev/sev0.png>
Package pdftex.def Info: ../plots/sev/sev0.png  used on input line 1009.
(pdftex.def)             Requested size: 182.09485pt x 182.09341pt.
 [23 <../plots/sev/bst_p_trace.png (PNG copy)> <../plots/sev/bst_p.png>] [24 <.
./plots/sev/sev1.png> <../plots/sev/sev2.png> <../plots/sev/sev3.png> <../plots
/sev/sev4.png> <../plots/sev/sev5.png> <../plots/sev/sev0.png>] (./boosting for
 mixed distributions4.bbl [25] [26])

Package natbib Warning: There were undefined citations.

[27] (./boosting for mixed distributions4.aux) ) 
Here is how much of TeX's memory you used:
 5170 strings out of 480050
 74407 string characters out of 5890936
 560179 words of memory out of 5000000
 22732 multiletter control sequences out of 15000+600000
 418030 words of font info for 82 fonts, out of 8000000 for 9000
 319 hyphenation exceptions out of 8191
 57i,13n,66p,1056b,593s stack positions out of 5000i,500n,10000p,200000b,80000s
 <c:/Users/Guangyuan/.texlive20
21/texmf-var/fonts/pk/ljfour/public/bbm/bbm10.657pk>{f:/texlive/2021/texmf-dist
/fonts/enc/dvips/cm-super/cm-super-ts1.enc}<f:/texlive/2021/texmf-dist/fonts/ty
pe1/public/amsfonts/cm/cmbx10.pfb><f:/texlive/2021/texmf-dist/fonts/type1/publi
c/amsfonts/cm/cmbx12.pfb><f:/texlive/2021/texmf-dist/fonts/type1/public/amsfont
s/cm/cmex10.pfb><f:/texlive/2021/texmf-dist/fonts/type1/public/amsfonts/cm/cmmi
10.pfb><f:/texlive/2021/texmf-dist/fonts/type1/public/amsfonts/cm/cmmi6.pfb><f:
/texlive/2021/texmf-dist/fonts/type1/public/amsfonts/cm/cmmi8.pfb><f:/texlive/2
021/texmf-dist/fonts/type1/public/amsfonts/cm/cmmib10.pfb><f:/texlive/2021/texm
f-dist/fonts/type1/public/amsfonts/cmextra/cmmib8.pfb><f:/texlive/2021/texmf-di
st/fonts/type1/public/amsfonts/cm/cmr10.pfb><f:/texlive/2021/texmf-dist/fonts/t
ype1/public/amsfonts/cm/cmr12.pfb><f:/texlive/2021/texmf-dist/fonts/type1/publi
c/amsfonts/cm/cmr17.pfb><f:/texlive/2021/texmf-dist/fonts/type1/public/amsfonts
/cm/cmr6.pfb><f:/texlive/2021/texmf-dist/fonts/type1/public/amsfonts/cm/cmr8.pf
b><f:/texlive/2021/texmf-dist/fonts/type1/public/amsfonts/cm/cmr9.pfb><f:/texli
ve/2021/texmf-dist/fonts/type1/public/amsfonts/cm/cmsy10.pfb><f:/texlive/2021/t
exmf-dist/fonts/type1/public/amsfonts/cm/cmsy6.pfb><f:/texlive/2021/texmf-dist/
fonts/type1/public/amsfonts/cm/cmsy8.pfb><f:/texlive/2021/texmf-dist/fonts/type
1/public/amsfonts/cm/cmti10.pfb><f:/texlive/2021/texmf-dist/fonts/type1/public/
amsfonts/cm/cmtt10.pfb><f:/texlive/2021/texmf-dist/fonts/type1/public/amsfonts/
symbols/msbm10.pfb><f:/texlive/2021/texmf-dist/fonts/type1/public/cm-super/sfrm
0600.pfb><f:/texlive/2021/texmf-dist/fonts/type1/public/cm-super/sfrm0800.pfb><
f:/texlive/2021/texmf-dist/fonts/type1/public/cm-super/sfrm1095.pfb>
Output written on "boosting for mixed distributions4.pdf" (27 pages, 495454 byt
es).
PDF statistics:
 246 PDF objects out of 1000 (max. 8388607)
 135 compressed objects within 2 object streams
 0 named destinations out of 1000 (max. 500000)
 86 words of extra memory for PDF output out of 10000 (max. 10000000)

