This is pdfTeX, Version 3.141592653-2.6-1.40.22 (TeX Live 2021) (preloaded format=pdflatex 2021.6.22)  12 MAR 2022 21:26
entering extended mode
 restricted \write18 enabled.
 %&-line parsing enabled.
**"boosting for mixed distributions3.tex"
(./boosting for mixed distributions3.tex
LaTeX2e <2020-10-01> patch level 4
L3 programming layer <2021-02-18>
(/usr/local/texlive/2021basic/texmf-dist/tex/latex/base/article.cls
Document Class: article 2020/04/10 v1.4m Standard LaTeX document class
(/usr/local/texlive/2021basic/texmf-dist/tex/latex/base/size11.clo
File: size11.clo 2020/04/10 v1.4m Standard LaTeX file (size option)
)
\c@part=\count179
\c@section=\count180
\c@subsection=\count181
\c@subsubsection=\count182
\c@paragraph=\count183
\c@subparagraph=\count184
\c@figure=\count185
\c@table=\count186
\abovecaptionskip=\skip47
\belowcaptionskip=\skip48
\bibindent=\dimen138
)
(/usr/local/texlive/2021basic/texmf-dist/tex/latex/listings/listings.sty
(/usr/local/texlive/2021basic/texmf-dist/tex/latex/graphics/keyval.sty
Package: keyval 2014/10/28 v1.15 key=value parser (DPC)
\KV@toks@=\toks15
)
\lst@mode=\count187
\lst@gtempboxa=\box47
\lst@token=\toks16
\lst@length=\count188
\lst@currlwidth=\dimen139
\lst@column=\count189
\lst@pos=\count190
\lst@lostspace=\dimen140
\lst@width=\dimen141
\lst@newlines=\count191
\lst@lineno=\count192
\lst@maxwidth=\dimen142

(/usr/local/texlive/2021basic/texmf-dist/tex/latex/listings/lstmisc.sty
File: lstmisc.sty 2020/03/24 1.8d (Carsten Heinz)
\c@lstnumber=\count193
\lst@skipnumbers=\count194
\lst@framebox=\box48
)
(/usr/local/texlive/2021basic/texmf-dist/tex/latex/listings/listings.cfg
File: listings.cfg 2020/03/24 1.8d listings configuration
))
Package: listings 2020/03/24 1.8d (Carsten Heinz)

(/usr/local/texlive/2021basic/texmf-dist/tex/latex/amsmath/amsmath.sty
Package: amsmath 2020/09/23 v2.17i AMS math features
\@mathmargin=\skip49

For additional information on amsmath, use the `?' option.
(/usr/local/texlive/2021basic/texmf-dist/tex/latex/amsmath/amstext.sty
Package: amstext 2000/06/29 v2.01 AMS text

(/usr/local/texlive/2021basic/texmf-dist/tex/latex/amsmath/amsgen.sty
File: amsgen.sty 1999/11/30 v2.0 generic functions
\@emptytoks=\toks17
\ex@=\dimen143
))
(/usr/local/texlive/2021basic/texmf-dist/tex/latex/amsmath/amsbsy.sty
Package: amsbsy 1999/11/29 v1.2d Bold Symbols
\pmbraise@=\dimen144
)
(/usr/local/texlive/2021basic/texmf-dist/tex/latex/amsmath/amsopn.sty
Package: amsopn 2016/03/08 v2.02 operator names
)
\inf@bad=\count195
LaTeX Info: Redefining \frac on input line 234.
\uproot@=\count196
\leftroot@=\count197
LaTeX Info: Redefining \overline on input line 399.
\classnum@=\count198
\DOTSCASE@=\count199
LaTeX Info: Redefining \ldots on input line 496.
LaTeX Info: Redefining \dots on input line 499.
LaTeX Info: Redefining \cdots on input line 620.
\Mathstrutbox@=\box49
\strutbox@=\box50
\big@size=\dimen145
LaTeX Font Info:    Redeclaring font encoding OML on input line 743.
LaTeX Font Info:    Redeclaring font encoding OMS on input line 744.
\macc@depth=\count266
\c@MaxMatrixCols=\count267
\dotsspace@=\muskip16
\c@parentequation=\count268
\dspbrk@lvl=\count269
\tag@help=\toks18
\row@=\count270
\column@=\count271
\maxfields@=\count272
\andhelp@=\toks19
\eqnshift@=\dimen146
\alignsep@=\dimen147
\tagshift@=\dimen148
\tagwidth@=\dimen149
\totwidth@=\dimen150
\lineht@=\dimen151
\@envbody=\toks20
\multlinegap=\skip50
\multlinetaggap=\skip51
\mathdisplay@stack=\toks21
LaTeX Info: Redefining \[ on input line 2923.
LaTeX Info: Redefining \] on input line 2924.
)
(/usr/local/texlive/2021basic/texmf-dist/tex/latex/amsfonts/amssymb.sty
Package: amssymb 2013/01/14 v3.01 AMS font symbols

(/usr/local/texlive/2021basic/texmf-dist/tex/latex/amsfonts/amsfonts.sty
Package: amsfonts 2013/01/14 v3.01 Basic AMSFonts support
\symAMSa=\mathgroup4
\symAMSb=\mathgroup5
LaTeX Font Info:    Redeclaring math symbol \hbar on input line 98.
LaTeX Font Info:    Overwriting math alphabet `\mathfrak' in version `bold'
(Font)                  U/euf/m/n --> U/euf/b/n on input line 106.
))
(/usr/local/texlive/2021basic/texmf-dist/tex/latex/bbm-macros/bbm.sty
Package: bbm 1999/03/15 V 1.2 provides fonts for set symbols - TH
LaTeX Font Info:    Overwriting math alphabet `\mathbbm' in version `bold'
(Font)                  U/bbm/m/n --> U/bbm/bx/n on input line 33.
LaTeX Font Info:    Overwriting math alphabet `\mathbbmss' in version `bold'
(Font)                  U/bbmss/m/n --> U/bbmss/bx/n on input line 35.
)
(/usr/local/texlive/2021basic/texmf-dist/tex/latex/amscls/amsthm.sty
Package: amsthm 2020/05/29 v2.20.6
\thm@style=\toks22
\thm@bodyfont=\toks23
\thm@headfont=\toks24
\thm@notefont=\toks25
\thm@headpunct=\toks26
\thm@preskip=\skip52
\thm@postskip=\skip53
\thm@headsep=\skip54
\dth@everypar=\toks27
)
(/usr/local/texlive/2021basic/texmf-dist/tex/latex/graphics/graphicx.sty
Package: graphicx 2020/09/09 v1.2b Enhanced LaTeX Graphics (DPC,SPQR)

(/usr/local/texlive/2021basic/texmf-dist/tex/latex/graphics/graphics.sty
Package: graphics 2020/08/30 v1.4c Standard LaTeX Graphics (DPC,SPQR)

(/usr/local/texlive/2021basic/texmf-dist/tex/latex/graphics/trig.sty
Package: trig 2016/01/03 v1.10 sin cos tan (DPC)
)
(/usr/local/texlive/2021basic/texmf-dist/tex/latex/graphics-cfg/graphics.cfg
File: graphics.cfg 2016/06/04 v1.11 sample graphics configuration
)
Package graphics Info: Driver file: pdftex.def on input line 105.

(/usr/local/texlive/2021basic/texmf-dist/tex/latex/graphics-def/pdftex.def
File: pdftex.def 2020/10/05 v1.2a Graphics/color driver for pdftex
))
\Gin@req@height=\dimen152
\Gin@req@width=\dimen153
)
(/usr/local/texlive/2021basic/texmf-dist/tex/latex/graphics/color.sty
Package: color 2020/02/24 v1.2b Standard LaTeX Color (DPC)

(/usr/local/texlive/2021basic/texmf-dist/tex/latex/graphics-cfg/color.cfg
File: color.cfg 2016/01/02 v1.6 sample color configuration
)
Package color Info: Driver file: pdftex.def on input line 147.
)
(/usr/local/texlive/2021basic/texmf-dist/tex/latex/multirow/multirow.sty
Package: multirow 2021/03/15 v2.8 Span multiple rows of a table
\multirow@colwidth=\skip55
\multirow@cntb=\count273
\multirow@dima=\skip56
\bigstrutjot=\dimen154
)
(/usr/local/texlive/2021basic/texmf-dist/tex/latex/natbib/natbib.sty
Package: natbib 2010/09/13 8.31b (PWD, AO)
\bibhang=\skip57
\bibsep=\skip58
LaTeX Info: Redefining \cite on input line 694.
\c@NAT@ctr=\count274
)
(/usr/local/texlive/2021basic/texmf-dist/tex/latex/algorithms/algorithm.sty
Package: algorithm 2009/08/24 v0.1 Document Style `algorithm' - floating enviro
nment

(/usr/local/texlive/2021basic/texmf-dist/tex/latex/float/float.sty
Package: float 2001/11/08 v1.3d Float enhancements (AL)
\c@float@type=\count275
\float@exts=\toks28
\float@box=\box51
\@float@everytoks=\toks29
\@floatcapt=\box52
)
(/usr/local/texlive/2021basic/texmf-dist/tex/latex/base/ifthen.sty
Package: ifthen 2014/09/29 v1.1c Standard LaTeX ifthen package (DPC)
)
\@float@every@algorithm=\toks30
\c@algorithm=\count276
)
(/usr/local/texlive/2021basic/texmf-dist/tex/latex/algorithms/algorithmic.sty
Package: algorithmic 2009/08/24 v0.1 Document Style `algorithmic'
\c@ALC@unique=\count277
\c@ALC@line=\count278
\c@ALC@rem=\count279
\c@ALC@depth=\count280
\ALC@tlm=\skip59
\algorithmicindent=\skip60
)
(/usr/local/texlive/2021basic/texmf-dist/tex/latex/listings/lstlang1.sty
File: lstlang1.sty 2020/03/24 1.8d listings language file
)
(/usr/local/texlive/2021basic/texmf-dist/tex/latex/listings/lstlang2.sty
File: lstlang2.sty 2020/03/24 1.8d listings language file
)
(/usr/local/texlive/2021basic/texmf-dist/tex/latex/listings/lstlang3.sty
File: lstlang3.sty 2020/03/24 1.8d listings language file
)
(/usr/local/texlive/2021basic/texmf-dist/tex/latex/booktabs/booktabs.sty
Package: booktabs 2020/01/12 v1.61803398 Publication quality tables
\heavyrulewidth=\dimen155
\lightrulewidth=\dimen156
\cmidrulewidth=\dimen157
\belowrulesep=\dimen158
\belowbottomsep=\dimen159
\aboverulesep=\dimen160
\abovetopsep=\dimen161
\cmidrulesep=\dimen162
\cmidrulekern=\dimen163
\defaultaddspace=\dimen164
\@cmidla=\count281
\@cmidlb=\count282
\@aboverulesep=\dimen165
\@belowrulesep=\dimen166
\@thisruleclass=\count283
\@lastruleclass=\count284
\@thisrulewidth=\dimen167
)
\c@saveenumi=\count285

(/usr/local/texlive/2021basic/texmf-dist/tex/latex/url/url.sty
\Urlmuskip=\muskip17
Package: url 2013/09/16  ver 3.4  Verb mode for urls, etc.
)
(/usr/local/texlive/2021basic/texmf-dist/tex/latex/l3backend/l3backend-pdftex.d
ef
File: l3backend-pdftex.def 2021-03-18 L3 backend support: PDF output (pdfTeX)
\l__color_backend_stack_int=\count286
\l__pdf_internal_box=\box53
) (./boosting for mixed distributions3.aux)
\openout1 = `"boosting for mixed distributions3.aux"'.

LaTeX Font Info:    Checking defaults for OML/cmm/m/it on input line 47.
LaTeX Font Info:    ... okay on input line 47.
LaTeX Font Info:    Checking defaults for OMS/cmsy/m/n on input line 47.
LaTeX Font Info:    ... okay on input line 47.
LaTeX Font Info:    Checking defaults for OT1/cmr/m/n on input line 47.
LaTeX Font Info:    ... okay on input line 47.
LaTeX Font Info:    Checking defaults for T1/cmr/m/n on input line 47.
LaTeX Font Info:    ... okay on input line 47.
LaTeX Font Info:    Checking defaults for TS1/cmr/m/n on input line 47.
LaTeX Font Info:    ... okay on input line 47.
LaTeX Font Info:    Checking defaults for OMX/cmex/m/n on input line 47.
LaTeX Font Info:    ... okay on input line 47.
LaTeX Font Info:    Checking defaults for U/cmr/m/n on input line 47.
LaTeX Font Info:    ... okay on input line 47.
\c@lstlisting=\count287

(/usr/local/texlive/2021basic/texmf-dist/tex/context/base/mkii/supp-pdf.mkii
[Loading MPS to PDF converter (version 2006.09.02).]
\scratchcounter=\count288
\scratchdimen=\dimen168
\scratchbox=\box54
\nofMPsegments=\count289
\nofMParguments=\count290
\everyMPshowfont=\toks31
\MPscratchCnt=\count291
\MPscratchDim=\dimen169
\MPnumerator=\count292
\makeMPintoPDFobject=\count293
\everyMPtoPDFconversion=\toks32
)
(/usr/local/texlive/2021basic/texmf-dist/tex/latex/epstopdf-pkg/epstopdf-base.s
ty
Package: epstopdf-base 2020-01-24 v2.11 Base part for package epstopdf
Package epstopdf-base Info: Redefining graphics rule for `.eps' on input line 4
85.

(/usr/local/texlive/2021basic/texmf-dist/tex/latex/latexconfig/epstopdf-sys.cfg
File: epstopdf-sys.cfg 2010/07/13 v1.3 Configuration of (r)epstopdf for TeX Liv
e
))
LaTeX Font Info:    Trying to load font information for U+msa on input line 49.

 (/usr/local/texlive/2021basic/texmf-dist/tex/latex/amsfonts/umsa.fd
File: umsa.fd 2013/01/14 v3.01 AMS symbols A
)
LaTeX Font Info:    Trying to load font information for U+msb on input line 49.


(/usr/local/texlive/2021basic/texmf-dist/tex/latex/amsfonts/umsb.fd
File: umsb.fd 2013/01/14 v3.01 AMS symbols B
) [1

{/usr/local/texlive/2021basic/texmf-var/fonts/map/pdftex/updmap/pdftex.map}] [2
]
Overfull \hbox (11.74367pt too wide) in paragraph at lines 125--129
\OT1/cmr/m/n/10.95 In this sec-tion, we first re-view mix-ture mod-els, par-tic
-u-larly fi-nite mix-ture of re-gres-sions (MacLahlan
 []

[3]
LaTeX Font Info:    Trying to load font information for U+bbm on input line 161
.
 (/usr/local/texlive/2021basic/texmf-dist/tex/latex/bbm-macros/ubbm.fd
File: ubbm.fd 1999/03/15 V 1.2 Font definition for bbm font - TH
)
[4] [5] [6] [7] [8] [9] [10] [11] [12] [13] [14] [15] [16] [17] [18] [19]
[20]
<../plots/three_gaussians/loss-bst-both.png, id=92, 481.8pt x 481.8pt>
File: ../plots/three_gaussians/loss-bst-both.png Graphic file (type png)
<use ../plots/three_gaussians/loss-bst-both.png>
Package pdftex.def Info: ../plots/three_gaussians/loss-bst-both.png  used on in
put line 865.
(pdftex.def)             Requested size: 182.09485pt x 182.09341pt.
<../plots/three_gaussians/loss-bst-both-p.png, id=93, 481.8pt x 481.8pt>
File: ../plots/three_gaussians/loss-bst-both-p.png Graphic file (type png)
<use ../plots/three_gaussians/loss-bst-both-p.png>
Package pdftex.def Info: ../plots/three_gaussians/loss-bst-both-p.png  used on 
input line 866.
(pdftex.def)             Requested size: 182.09485pt x 182.09341pt.
<../plots/three_gaussians/loss-bst-both-1.png, id=94, 481.8pt x 481.8pt>
File: ../plots/three_gaussians/loss-bst-both-1.png Graphic file (type png)
<use ../plots/three_gaussians/loss-bst-both-1.png>
Package pdftex.def Info: ../plots/three_gaussians/loss-bst-both-1.png  used on 
input line 872.
(pdftex.def)             Requested size: 136.5746pt x 136.5719pt.
<../plots/three_gaussians/loss-bst-both-2.png, id=95, 481.8pt x 481.8pt>
File: ../plots/three_gaussians/loss-bst-both-2.png Graphic file (type png)
<use ../plots/three_gaussians/loss-bst-both-2.png>
Package pdftex.def Info: ../plots/three_gaussians/loss-bst-both-2.png  used on 
input line 873.
(pdftex.def)             Requested size: 136.5746pt x 136.5719pt.
<../plots/three_gaussians/loss-bst-both-3.png, id=96, 481.8pt x 481.8pt>
File: ../plots/three_gaussians/loss-bst-both-3.png Graphic file (type png)
<use ../plots/three_gaussians/loss-bst-both-3.png>
Package pdftex.def Info: ../plots/three_gaussians/loss-bst-both-3.png  used on 
input line 874.
(pdftex.def)             Requested size: 136.5746pt x 136.5719pt.
 [21 <../plots/three_gaussians/loss-bst-both.png> <../plots/three_gaussians/los
s-bst-both-p.png>] [22 <../plots/three_gaussians/loss-bst-both-1.png> <../plots
/three_gaussians/loss-bst-both-2.png> <../plots/three_gaussians/loss-bst-both-3
.png>]
<../plots/sev/hist.png, id=108, 481.8pt x 481.8pt>
File: ../plots/sev/hist.png Graphic file (type png)
<use ../plots/sev/hist.png>
Package pdftex.def Info: ../plots/sev/hist.png  used on input line 920.
(pdftex.def)             Requested size: 182.09485pt x 182.09341pt.
<../plots/sev/cdf.png, id=109, 481.8pt x 481.8pt>
File: ../plots/sev/cdf.png Graphic file (type png)
<use ../plots/sev/cdf.png>
Package pdftex.def Info: ../plots/sev/cdf.png  used on input line 921.
(pdftex.def)             Requested size: 182.09485pt x 182.09341pt.
<../plots/sev/log-log.png, id=110, 481.8pt x 481.8pt>
File: ../plots/sev/log-log.png Graphic file (type png)
<use ../plots/sev/log-log.png>
Package pdftex.def Info: ../plots/sev/log-log.png  used on input line 931.
(pdftex.def)             Requested size: 182.09485pt x 182.09341pt.
<../plots/sev/hill.png, id=111, 481.8pt x 481.8pt>
File: ../plots/sev/hill.png Graphic file (type png)
<use ../plots/sev/hill.png>
Package pdftex.def Info: ../plots/sev/hill.png  used on input line 932.
(pdftex.def)             Requested size: 182.09485pt x 182.09341pt.
 [23 <../plots/sev/hist.png> <../plots/sev/cdf.png> <../plots/sev/log-log.png> 
<../plots/sev/hill.png>]
<../plots/sev/bst_p_trace.png, id=119, 481.8pt x 481.8pt>
File: ../plots/sev/bst_p_trace.png Graphic file (type png)
<use ../plots/sev/bst_p_trace.png>
Package pdftex.def Info: ../plots/sev/bst_p_trace.png  used on input line 980.
(pdftex.def)             Requested size: 182.09485pt x 182.09341pt.
<../plots/sev/bst_p.png, id=120, 481.8pt x 481.8pt>
File: ../plots/sev/bst_p.png Graphic file (type png)
<use ../plots/sev/bst_p.png>
Package pdftex.def Info: ../plots/sev/bst_p.png  used on input line 981.
(pdftex.def)             Requested size: 182.09485pt x 182.09341pt.
<../plots/sev/sev1.png, id=121, 481.8pt x 481.8pt>
File: ../plots/sev/sev1.png Graphic file (type png)
<use ../plots/sev/sev1.png>
Package pdftex.def Info: ../plots/sev/sev1.png  used on input line 994.
(pdftex.def)             Requested size: 182.09485pt x 182.09341pt.
<../plots/sev/sev2.png, id=122, 481.8pt x 481.8pt>
File: ../plots/sev/sev2.png Graphic file (type png)
<use ../plots/sev/sev2.png>
Package pdftex.def Info: ../plots/sev/sev2.png  used on input line 995.
(pdftex.def)             Requested size: 182.09485pt x 182.09341pt.
<../plots/sev/sev3.png, id=123, 481.8pt x 481.8pt>
File: ../plots/sev/sev3.png Graphic file (type png)
<use ../plots/sev/sev3.png>
Package pdftex.def Info: ../plots/sev/sev3.png  used on input line 996.
(pdftex.def)             Requested size: 182.09485pt x 182.09341pt.
<../plots/sev/sev4.png, id=124, 481.8pt x 481.8pt>
File: ../plots/sev/sev4.png Graphic file (type png)
<use ../plots/sev/sev4.png>
Package pdftex.def Info: ../plots/sev/sev4.png  used on input line 997.
(pdftex.def)             Requested size: 182.09485pt x 182.09341pt.
<../plots/sev/sev5.png, id=125, 481.8pt x 481.8pt>
File: ../plots/sev/sev5.png Graphic file (type png)
<use ../plots/sev/sev5.png>
Package pdftex.def Info: ../plots/sev/sev5.png  used on input line 998.
(pdftex.def)             Requested size: 182.09485pt x 182.09341pt.
<../plots/sev/sev0.png, id=126, 481.8pt x 481.8pt>
File: ../plots/sev/sev0.png Graphic file (type png)
<use ../plots/sev/sev0.png>
Package pdftex.def Info: ../plots/sev/sev0.png  used on input line 999.
(pdftex.def)             Requested size: 182.09485pt x 182.09341pt.
 [24]
(./boosting for mixed distributions3.bbl [25 <../plots/sev/bst_p_trace.png (PNG
 copy)> <../plots/sev/bst_p.png>] [26 <../plots/sev/sev1.png> <../plots/sev/sev
2.png> <../plots/sev/sev3.png> <../plots/sev/sev4.png> <../plots/sev/sev5.png> 
<../plots/sev/sev0.png>] [27]) [28] (./boosting for mixed distributions3.aux) )
 
Here is how much of TeX's memory you used:
 5046 strings out of 480445
 72099 string characters out of 5892391
 555175 words of memory out of 5000000
 22212 multiletter control sequences out of 15000+600000
 418030 words of font info for 82 fonts, out of 8000000 for 9000
 319 hyphenation exceptions out of 8191
 68i,14n,74p,1140b,589s stack positions out of 5000i,500n,10000p,200000b,80000s
 </Users/Guangyuan/Library/texlive/2021basic/texmf-var/fonts/pk/ljfour/public/b
bm/bbm10.657pk>{/usr/local/texlive/2021basic/texmf-dist/fonts/enc/dvips/cm-supe
r/cm-super-ts1.enc}</usr/local/texlive/2021basic/texmf-dist/fonts/type1/public/
amsfonts/cm/cmbx10.pfb></usr/local/texlive/2021basic/texmf-dist/fonts/type1/pub
lic/amsfonts/cm/cmbx12.pfb></usr/local/texlive/2021basic/texmf-dist/fonts/type1
/public/amsfonts/cm/cmex10.pfb></usr/local/texlive/2021basic/texmf-dist/fonts/t
ype1/public/amsfonts/cmextra/cmex8.pfb></usr/local/texlive/2021basic/texmf-dist
/fonts/type1/public/amsfonts/cm/cmmi10.pfb></usr/local/texlive/2021basic/texmf-
dist/fonts/type1/public/amsfonts/cm/cmmi6.pfb></usr/local/texlive/2021basic/tex
mf-dist/fonts/type1/public/amsfonts/cm/cmmi8.pfb></usr/local/texlive/2021basic/
texmf-dist/fonts/type1/public/amsfonts/cm/cmmib10.pfb></usr/local/texlive/2021b
asic/texmf-dist/fonts/type1/public/amsfonts/cmextra/cmmib8.pfb></usr/local/texl
ive/2021basic/texmf-dist/fonts/type1/public/amsfonts/cm/cmr10.pfb></usr/local/t
exlive/2021basic/texmf-dist/fonts/type1/public/amsfonts/cm/cmr12.pfb></usr/loca
l/texlive/2021basic/texmf-dist/fonts/type1/public/amsfonts/cm/cmr17.pfb></usr/l
ocal/texlive/2021basic/texmf-dist/fonts/type1/public/amsfonts/cm/cmr6.pfb></usr
/local/texlive/2021basic/texmf-dist/fonts/type1/public/amsfonts/cm/cmr8.pfb></u
sr/local/texlive/2021basic/texmf-dist/fonts/type1/public/amsfonts/cm/cmr9.pfb><
/usr/local/texlive/2021basic/texmf-dist/fonts/type1/public/amsfonts/cm/cmsy10.p
fb></usr/local/texlive/2021basic/texmf-dist/fonts/type1/public/amsfonts/cm/cmsy
6.pfb></usr/local/texlive/2021basic/texmf-dist/fonts/type1/public/amsfonts/cm/c
msy8.pfb></usr/local/texlive/2021basic/texmf-dist/fonts/type1/public/amsfonts/c
m/cmti10.pfb></usr/local/texlive/2021basic/texmf-dist/fonts/type1/public/amsfon
ts/cm/cmtt10.pfb></usr/local/texlive/2021basic/texmf-dist/fonts/type1/public/am
sfonts/symbols/msam10.pfb></usr/local/texlive/2021basic/texmf-dist/fonts/type1/
public/amsfonts/symbols/msbm10.pfb></usr/local/texlive/2021basic/texmf-dist/fon
ts/type1/public/cm-super/sfrm0600.pfb></usr/local/texlive/2021basic/texmf-dist/
fonts/type1/public/cm-super/sfrm0800.pfb></usr/local/texlive/2021basic/texmf-di
st/fonts/type1/public/cm-super/sfrm1095.pfb>
Output written on "boosting for mixed distributions3.pdf" (28 pages, 491376 byt
es).
PDF statistics:
 234 PDF objects out of 1000 (max. 8388607)
 143 compressed objects within 2 object streams
 0 named destinations out of 1000 (max. 500000)
 86 words of extra memory for PDF output out of 10000 (max. 10000000)

